Arguments: 
  /usr/local/bin/node /usr/local/bin/yarn dev

PATH: 
  /usr/local/bin:/usr/bin:/bin:/usr/sbin:/sbin:/usr/local/share/dotnet:/Library/Frameworks/Mono.framework/Versions/Current/Commands

Yarn version: 
  1.5.1

Node version: 
  9.4.0

Platform: 
  darwin x64

npm manifest: 
  {
    "name": "gear-raffle-backend",
    "version": "1.0.0",
    "description": "",
    "main": "server.js",
    "dependencies": {
      "body-parser": "^1.18.2",
      "express": "^4.16.3",
      "mongoose": "^5.0.12"
    },
    "devDependencies": {},
    "scripts": {
      "dev": "concurrently --kill-others-on-fail \"yarn start\" \"cd ../gear-raffle; yarn start\"",
      "test": "echo \"Error: no test specified\" && exit 1",
      "start": "node server.js"
    },
    "keywords": [],
    "author": "",
    "license": "ISC"
  }

yarn manifest: 
  No manifest

Lockfile: 
  No lockfile

Trace: 
  Error: Command failed.
  Exit code: 127
  Command: sh
  Arguments: -c concurrently --kill-others-on-fail "yarn start" "cd ../gear-raffle; yarn start"
  Directory: /Users/jaredhenderson 1/Google Drive/music-gear-raffle/gear-raffle-backend
  Output:
  
      at ProcessTermError.MessageError (/usr/local/lib/node_modules/yarn/lib/cli.js:186:110)
      at new ProcessTermError (/usr/local/lib/node_modules/yarn/lib/cli.js:226:113)
      at ChildProcess.<anonymous> (/usr/local/lib/node_modules/yarn/lib/cli.js:30281:17)
      at ChildProcess.emit (events.js:160:13)
      at maybeClose (internal/child_process.js:943:16)
      at Process.ChildProcess._handle.onexit (internal/child_process.js:220:5)
